E:\VISUAL STUDIO\MSBuild\Microsoft\VC\v160\Microsoft.CppBuild.targets(467,5): warning MSB8028: The intermediate directory (Debug\) contains files shared from another project (graphics.vcxproj).  This can lead to incorrect clean and rebuild behavior.
  bgiout.cxx
  Cell.cpp
  Coordinates.cpp
  dibutil.cxx
  drawing.cxx
E:\CFP(2)\Ludo class\bgi\drawing.cxx(819,9): warning C4101: 'tries': unreferenced local variable
E:\CFP(2)\Ludo class\bgi\drawing.cxx(859,10): warning C4101: 'answer': unreferenced local variable
E:\CFP(2)\Ludo class\bgi\drawing.cxx(1110,6): warning C4996: 'strcat': This function or variable may be unsafe. Consider using strcat_s instead. To disable deprecation, use _CRT_SECURE_NO_WARNINGS. See online help for details.
  file.cxx
  misc.cxx
E:\CFP(2)\Ludo class\bgi\misc.cxx(595,39): warning C4838: conversion from 'int' to 'unsigned short' requires a narrowing conversion
E:\CFP(2)\Ludo class\bgi\misc.cxx(595,46): warning C4838: conversion from 'int' to 'unsigned short' requires a narrowing conversion
E:\CFP(2)\Ludo class\bgi\misc.cxx(595,53): warning C4838: conversion from 'int' to 'unsigned short' requires a narrowing conversion
E:\CFP(2)\Ludo class\bgi\misc.cxx(595,60): warning C4838: conversion from 'int' to 'unsigned short' requires a narrowing conversion
E:\CFP(2)\Ludo class\bgi\misc.cxx(595,67): warning C4838: conversion from 'int' to 'unsigned short' requires a narrowing conversion
E:\CFP(2)\Ludo class\bgi\misc.cxx(595,74): warning C4838: conversion from 'int' to 'unsigned short' requires a narrowing conversion
E:\CFP(2)\Ludo class\bgi\misc.cxx(595,81): warning C4838: conversion from 'int' to 'unsigned short' requires a narrowing conversion
E:\CFP(2)\Ludo class\bgi\misc.cxx(595,88): warning C4838: conversion from 'int' to 'unsigned short' requires a narrowing conversion
E:\CFP(2)\Ludo class\bgi\misc.cxx(596,39): warning C4838: conversion from 'int' to 'unsigned short' requires a narrowing conversion
E:\CFP(2)\Ludo class\bgi\misc.cxx(596,46): warning C4838: conversion from 'int' to 'unsigned short' requires a narrowing conversion
E:\CFP(2)\Ludo class\bgi\misc.cxx(596,53): warning C4838: conversion from 'int' to 'unsigned short' requires a narrowing conversion
E:\CFP(2)\Ludo class\bgi\misc.cxx(596,60): warning C4838: conversion from 'int' to 'unsigned short' requires a narrowing conversion
E:\CFP(2)\Ludo class\bgi\misc.cxx(596,67): warning C4838: conversion from 'int' to 'unsigned short' requires a narrowing conversion
E:\CFP(2)\Ludo class\bgi\misc.cxx(596,74): warning C4838: conversion from 'int' to 'unsigned short' requires a narrowing conversion
E:\CFP(2)\Ludo class\bgi\misc.cxx(596,81): warning C4838: conversion from 'int' to 'unsigned short' requires a narrowing conversion
E:\CFP(2)\Ludo class\bgi\misc.cxx(596,88): warning C4838: conversion from 'int' to 'unsigned short' requires a narrowing conversion
E:\CFP(2)\Ludo class\bgi\misc.cxx(597,39): warning C4838: conversion from 'int' to 'unsigned short' requires a narrowing conversion
E:\CFP(2)\Ludo class\bgi\misc.cxx(597,46): warning C4838: conversion from 'int' to 'unsigned short' requires a narrowing conversion
E:\CFP(2)\Ludo class\bgi\misc.cxx(597,53): warning C4838: conversion from 'int' to 'unsigned short' requires a narrowing conversion
E:\CFP(2)\Ludo class\bgi\misc.cxx(597,60): warning C4838: conversion from 'int' to 'unsigned short' requires a narrowing conversion
E:\CFP(2)\Ludo class\bgi\misc.cxx(597,67): warning C4838: conversion from 'int' to 'unsigned short' requires a narrowing conversion
E:\CFP(2)\Ludo class\bgi\misc.cxx(597,74): warning C4838: conversion from 'int' to 'unsigned short' requires a narrowing conversion
E:\CFP(2)\Ludo class\bgi\misc.cxx(597,81): warning C4838: conversion from 'int' to 'unsigned short' requires a narrowing conversion
E:\CFP(2)\Ludo class\bgi\misc.cxx(597,88): warning C4838: conversion from 'int' to 'unsigned short' requires a narrowing conversion
E:\CFP(2)\Ludo class\bgi\misc.cxx(598,39): warning C4838: conversion from 'int' to 'unsigned short' requires a narrowing conversion
E:\CFP(2)\Ludo class\bgi\misc.cxx(598,46): warning C4838: conversion from 'int' to 'unsigned short' requires a narrowing conversion
E:\CFP(2)\Ludo class\bgi\misc.cxx(598,53): warning C4838: conversion from 'int' to 'unsigned short' requires a narrowing conversion
E:\CFP(2)\Ludo class\bgi\misc.cxx(598,60): warning C4838: conversion from 'int' to 'unsigned short' requires a narrowing conversion
E:\CFP(2)\Ludo class\bgi\misc.cxx(598,67): warning C4838: conversion from 'int' to 'unsigned short' requires a narrowing conversion
E:\CFP(2)\Ludo class\bgi\misc.cxx(598,74): warning C4838: conversion from 'int' to 'unsigned short' requires a narrowing conversion
E:\CFP(2)\Ludo class\bgi\misc.cxx(598,81): warning C4838: conversion from 'int' to 'unsigned short' requires a narrowing conversion
E:\CFP(2)\Ludo class\bgi\misc.cxx(598,88): warning C4838: conversion from 'int' to 'unsigned short' requires a narrowing conversion
E:\CFP(2)\Ludo class\bgi\misc.cxx(599,39): warning C4838: conversion from 'int' to 'unsigned short' requires a narrowing conversion
E:\CFP(2)\Ludo class\bgi\misc.cxx(599,46): warning C4838: conversion from 'int' to 'unsigned short' requires a narrowing conversion
E:\CFP(2)\Ludo class\bgi\misc.cxx(599,53): warning C4838: conversion from 'int' to 'unsigned short' requires a narrowing conversion
E:\CFP(2)\Ludo class\bgi\misc.cxx(599,60): warning C4838: conversion from 'int' to 'unsigned short' requires a narrowing conversion
E:\CFP(2)\Ludo class\bgi\misc.cxx(599,67): warning C4838: conversion from 'int' to 'unsigned short' requires a narrowing conversion
E:\CFP(2)\Ludo class\bgi\misc.cxx(599,74): warning C4838: conversion from 'int' to 'unsigned short' requires a narrowing conversion
E:\CFP(2)\Ludo class\bgi\misc.cxx(599,81): warning C4838: conversion from 'int' to 'unsigned short' requires a narrowing conversion
E:\CFP(2)\Ludo class\bgi\misc.cxx(599,88): warning C4838: conversion from 'int' to 'unsigned short' requires a narrowing conversion
  mouse.cxx
  palette.cxx
  main.cxx
  Source.cpp
E:\CFP(2)\Ludo class\bgi\graphics.h(281,13): warning C4273: 'getch': inconsistent dll linkage
E:\Windows Kits\10\Include\10.0.18362.0\ucrt\conio.h(453,30): message : see previous definition of 'getch'
E:\CFP(2)\Ludo class\bgi\graphics.h(282,13): warning C4273: 'kbhit': inconsistent dll linkage
E:\Windows Kits\10\Include\10.0.18362.0\ucrt\conio.h(459,30): message : see previous definition of 'kbhit'
  text.cxx
E:\CFP(2)\Ludo class\bgi\text.cxx(348,19): warning C4018: '<': signed/unsigned mismatch
  winbgi.cxx
E:\CFP(2)\Ludo class\bgi\winbgi.cxx(134,14): warning C4101: 'actual_color': unreferenced local variable
E:\CFP(2)\Ludo class\bgi\winbgi.cxx(133,9): warning C4101: 'bgi_color': unreferenced local variable
E:\CFP(2)\Ludo class\bgi\winbgi.cxx(494,5): warning C4996: 'sprintf': This function or variable may be unsafe. Consider using sprintf_s instead. To disable deprecation, use _CRT_SECURE_NO_WARNINGS. See online help for details.
  winthread.cxx
E:\CFP(2)\Ludo class\bgi\winthread.cxx(320,9): warning C4101: 'i': unreferenced local variable
  Generating Code...
  bgi.vcxproj -> E:\CFP(2)\Ludo class\bgi\Debug\bgi.exe
